Meeting Scraper Debug Log
========================
Start Date: 2024-11-20
End Date: 2025-11-26
Total URLs: 38
Timestamp: 2025-11-26T04:46:27.883314

2025-11-26T04:46:27.884948 - [*] Processing URL: https://sanduskycountyoh.gov/index.php?page=2024-minutes
2025-11-26T04:46:52.993261 - [*] Trying TableScraper for https://sanduskycountyoh.gov/index.php?page=2024-minutes
2025-11-26T04:46:53.018335 - [-] TableScraper returned None for https://sanduskycountyoh.gov/index.php?page=2024-minutes
2025-11-26T04:46:53.018603 - [*] Trying LinkScraper for https://sanduskycountyoh.gov/index.php?page=2024-minutes
2025-11-26T04:46:53.223658 - [+] LinkScraper succeeded for https://sanduskycountyoh.gov/index.php?page=2024-minutes
2025-11-26T04:46:53.226208 - [+] Found 9 meetings for https://sanduskycountyoh.gov/index.php?page=2024-minutes
2025-11-26T04:46:53.239134 - [*] Processing URL: https://www.cityofsanteeca.gov/city-clerk/agendas-minutes
2025-11-26T04:47:20.383827 - [*] Trying TableScraper for https://www.cityofsanteeca.gov/city-clerk/agendas-minutes
2025-11-26T04:47:20.719369 - [+] TableScraper succeeded for https://www.cityofsanteeca.gov/city-clerk/agendas-minutes
2025-11-26T04:47:20.720431 - [+] Found 33 meetings for https://www.cityofsanteeca.gov/city-clerk/agendas-minutes
2025-11-26T04:47:20.721515 - [*] Processing URL: https://morgancounty.colorado.gov/planning-commission-agendas-and-minutes
2025-11-26T04:47:34.312647 - [*] Trying TableScraper for https://morgancounty.colorado.gov/planning-commission-agendas-and-minutes
2025-11-26T04:47:34.556150 - [+] TableScraper succeeded for https://morgancounty.colorado.gov/planning-commission-agendas-and-minutes
2025-11-26T04:47:34.557207 - [+] Found 9 meetings for https://morgancounty.colorado.gov/planning-commission-agendas-and-minutes
2025-11-26T04:47:34.558685 - [*] Processing URL: https://marioncountytn.net/agendas-minutes-county-commission
2025-11-26T04:48:08.112753 - [*] Trying TableScraper for https://marioncountytn.net/agendas-minutes-county-commission
2025-11-26T04:48:08.155110 - [-] TableScraper returned None for https://marioncountytn.net/agendas-minutes-county-commission
2025-11-26T04:48:08.155381 - [*] Trying LinkScraper for https://marioncountytn.net/agendas-minutes-county-commission
2025-11-26T04:48:14.948897 - [+] LinkScraper succeeded for https://marioncountytn.net/agendas-minutes-county-commission
2025-11-26T04:48:14.950367 - [+] Found 3 meetings for https://marioncountytn.net/agendas-minutes-county-commission
2025-11-26T04:48:14.952275 - [*] Processing URL: https://rcala.com/russell-county-commission-meeting-mintues/
2025-11-26T04:48:26.631222 - [!] Failed to load page content for https://rcala.com/russell-county-commission-meeting-mintues/
2025-11-26T04:48:26.632272 - [!] No meetings found for https://rcala.com/russell-county-commission-meeting-mintues/
2025-11-26T04:48:26.633307 - [*] Processing URL: https://www.co.waller.tx.us/page/CommCourt.Minutes
2025-11-26T04:49:32.313004 - [*] Trying TableScraper for https://www.co.waller.tx.us/page/CommCourt.Minutes
2025-11-26T04:49:32.565393 - [-] TableScraper returned None for https://www.co.waller.tx.us/page/CommCourt.Minutes
2025-11-26T04:49:32.565627 - [*] Trying LinkScraper for https://www.co.waller.tx.us/page/CommCourt.Minutes
2025-11-26T04:49:33.202176 - [+] LinkScraper succeeded for https://www.co.waller.tx.us/page/CommCourt.Minutes
2025-11-26T04:49:33.204312 - [+] Found 12 meetings for https://www.co.waller.tx.us/page/CommCourt.Minutes
2025-11-26T04:49:33.205761 - [*] Processing URL: https://www.webstercountyia.gov/departments/board_of_supervisors/directory_of_meeting_minutes/2024.php
2025-11-26T04:49:45.365377 - [*] Trying TableScraper for https://www.webstercountyia.gov/departments/board_of_supervisors/directory_of_meeting_minutes/2024.php
2025-11-26T04:49:45.498213 - [+] TableScraper succeeded for https://www.webstercountyia.gov/departments/board_of_supervisors/directory_of_meeting_minutes/2024.php
2025-11-26T04:49:45.499074 - [+] Found 4 meetings for https://www.webstercountyia.gov/departments/board_of_supervisors/directory_of_meeting_minutes/2024.php
2025-11-26T04:49:45.500150 - [*] Processing URL: https://www.towncloud.io/go/maryville-mo
2025-11-26T04:49:54.722104 - [*] Trying TableScraper for https://www.towncloud.io/go/maryville-mo
2025-11-26T04:49:54.794703 - [+] TableScraper succeeded for https://www.towncloud.io/go/maryville-mo
2025-11-26T04:49:54.795621 - [+] Found 25 meetings for https://www.towncloud.io/go/maryville-mo
2025-11-26T04:49:54.796691 - [*] Processing URL: https://hagerstown.novusagenda.com/agendapublic/
2025-11-26T04:50:05.571260 - [*] Trying TableScraper for https://hagerstown.novusagenda.com/agendapublic/
2025-11-26T04:50:05.660648 - [-] TableScraper returned None for https://hagerstown.novusagenda.com/agendapublic/
2025-11-26T04:50:05.660962 - [*] Trying LinkScraper for https://hagerstown.novusagenda.com/agendapublic/
2025-11-26T04:50:05.717684 - [-] LinkScraper returned None for https://hagerstown.novusagenda.com/agendapublic/
2025-11-26T04:50:05.718836 - [-] All scrapers failed for https://hagerstown.novusagenda.com/agendapublic/
2025-11-26T04:50:05.719984 - [!] No meetings found for https://hagerstown.novusagenda.com/agendapublic/
2025-11-26T04:50:05.721581 - [*] Processing URL: https://twinfallscounty.org/commissioners/minutes/
2025-11-26T04:50:56.625019 - [*] Trying TableScraper for https://twinfallscounty.org/commissioners/minutes/
2025-11-26T04:50:56.654009 - [-] TableScraper returned None for https://twinfallscounty.org/commissioners/minutes/
2025-11-26T04:50:56.654272 - [*] Trying LinkScraper for https://twinfallscounty.org/commissioners/minutes/
2025-11-26T04:50:56.701437 - [-] LinkScraper returned None for https://twinfallscounty.org/commissioners/minutes/
2025-11-26T04:50:56.702011 - [-] All scrapers failed for https://twinfallscounty.org/commissioners/minutes/
2025-11-26T04:50:56.703485 - [!] No meetings found for https://twinfallscounty.org/commissioners/minutes/
2025-11-26T04:50:56.704822 - [*] Processing URL: https://www.pottcounty-ia.gov/planning_and_development/planning_and_zoning_commission/
2025-11-26T04:51:28.256968 - [*] Trying TableScraper for https://www.pottcounty-ia.gov/planning_and_development/planning_and_zoning_commission/
2025-11-26T04:51:28.329177 - [-] TableScraper returned None for https://www.pottcounty-ia.gov/planning_and_development/planning_and_zoning_commission/
2025-11-26T04:51:28.329463 - [*] Trying LinkScraper for https://www.pottcounty-ia.gov/planning_and_development/planning_and_zoning_commission/
2025-11-26T04:55:48.163179 - [+] LinkScraper succeeded for https://www.pottcounty-ia.gov/planning_and_development/planning_and_zoning_commission/
2025-11-26T04:55:48.164588 - [+] Found 4 meetings for https://www.pottcounty-ia.gov/planning_and_development/planning_and_zoning_commission/
2025-11-26T04:55:48.166193 - [*] Processing URL: https://www.robertsoncountytn.gov/local_government/county_commissioners/county_commission_minutes.php
2025-11-26T04:56:13.371089 - [*] Trying TableScraper for https://www.robertsoncountytn.gov/local_government/county_commissioners/county_commission_minutes.php
2025-11-26T04:56:13.965254 - [+] TableScraper succeeded for https://www.robertsoncountytn.gov/local_government/county_commissioners/county_commission_minutes.php
2025-11-26T04:56:13.966394 - [+] Found 12 meetings for https://www.robertsoncountytn.gov/local_government/county_commissioners/county_commission_minutes.php
2025-11-26T04:56:13.967546 - [*] Processing URL: https://www.cityofmandeville.com/meetings?field_microsite_tid_1=27
2025-11-26T04:56:27.716546 - [*] Trying TableScraper for https://www.cityofmandeville.com/meetings?field_microsite_tid_1=27
2025-11-26T04:56:27.845904 - [+] TableScraper succeeded for https://www.cityofmandeville.com/meetings?field_microsite_tid_1=27
2025-11-26T04:56:27.846869 - [+] Found 35 meetings for https://www.cityofmandeville.com/meetings?field_microsite_tid_1=27
2025-11-26T04:56:27.847909 - [*] Processing URL: https://sheboyganmeeting.com/calendarlist.php
2025-11-26T04:56:55.456797 - [*] Trying TableScraper for https://sheboyganmeeting.com/calendarlist.php
2025-11-26T04:56:55.496080 - [-] TableScraper returned None for https://sheboyganmeeting.com/calendarlist.php
2025-11-26T04:56:55.496351 - [*] Trying LinkScraper for https://sheboyganmeeting.com/calendarlist.php
2025-11-26T05:00:00.109132 - [+] LinkScraper succeeded for https://sheboyganmeeting.com/calendarlist.php
2025-11-26T05:00:00.110242 - [+] Found 11 meetings for https://sheboyganmeeting.com/calendarlist.php
2025-11-26T05:00:00.111666 - [*] Processing URL: https://www.moreland.org/apps/pages/index.jsp?uREC_ID=427275&type=d&pREC_ID=990660
2025-11-26T05:00:21.576956 - [*] Trying TableScraper for https://www.moreland.org/apps/pages/index.jsp?uREC_ID=427275&type=d&pREC_ID=990660
2025-11-26T05:00:21.580588 - [-] TableScraper returned None for https://www.moreland.org/apps/pages/index.jsp?uREC_ID=427275&type=d&pREC_ID=990660
2025-11-26T05:00:21.580856 - [*] Trying LinkScraper for https://www.moreland.org/apps/pages/index.jsp?uREC_ID=427275&type=d&pREC_ID=990660
2025-11-26T05:00:21.585053 - [-] LinkScraper returned None for https://www.moreland.org/apps/pages/index.jsp?uREC_ID=427275&type=d&pREC_ID=990660
2025-11-26T05:00:21.585372 - [-] All scrapers failed for https://www.moreland.org/apps/pages/index.jsp?uREC_ID=427275&type=d&pREC_ID=990660
2025-11-26T05:00:21.586244 - [!] No meetings found for https://www.moreland.org/apps/pages/index.jsp?uREC_ID=427275&type=d&pREC_ID=990660
2025-11-26T05:00:21.587224 - [*] Processing URL: https://www.mpesd.org/our-district/board-of-trustees/agendas-minutes
2025-11-26T05:00:49.415545 - [*] Trying TableScraper for https://www.mpesd.org/our-district/board-of-trustees/agendas-minutes
2025-11-26T05:00:49.629470 - [+] TableScraper succeeded for https://www.mpesd.org/our-district/board-of-trustees/agendas-minutes
2025-11-26T05:00:49.630558 - [+] Found 16 meetings for https://www.mpesd.org/our-district/board-of-trustees/agendas-minutes
2025-11-26T05:00:49.631851 - [*] Processing URL: https://www.pleasantvalleysd.org/about-pvsd/board-of-trustees/board-meeting-recordings
2025-11-26T05:01:18.586370 - [*] Trying TableScraper for https://www.pleasantvalleysd.org/about-pvsd/board-of-trustees/board-meeting-recordings
2025-11-26T05:01:18.662362 - [-] TableScraper returned None for https://www.pleasantvalleysd.org/about-pvsd/board-of-trustees/board-meeting-recordings
2025-11-26T05:01:18.662573 - [*] Trying LinkScraper for https://www.pleasantvalleysd.org/about-pvsd/board-of-trustees/board-meeting-recordings
2025-11-26T05:03:32.723636 - [+] LinkScraper succeeded for https://www.pleasantvalleysd.org/about-pvsd/board-of-trustees/board-meeting-recordings
2025-11-26T05:03:32.724747 - [+] Found 11 meetings for https://www.pleasantvalleysd.org/about-pvsd/board-of-trustees/board-meeting-recordings
2025-11-26T05:03:32.725853 - [*] Processing URL: https://www.oxnardsd.org/school-board/board-meetings/board-meeting-agendas-andminutes
2025-11-26T05:03:58.787371 - [*] Trying TableScraper for https://www.oxnardsd.org/school-board/board-meetings/board-meeting-agendas-andminutes
2025-11-26T05:03:58.891187 - [-] TableScraper returned None for https://www.oxnardsd.org/school-board/board-meetings/board-meeting-agendas-andminutes
2025-11-26T05:03:58.891440 - [*] Trying LinkScraper for https://www.oxnardsd.org/school-board/board-meetings/board-meeting-agendas-andminutes
2025-11-26T05:03:59.041572 - [-] LinkScraper returned None for https://www.oxnardsd.org/school-board/board-meetings/board-meeting-agendas-andminutes
2025-11-26T05:03:59.041845 - [-] All scrapers failed for https://www.oxnardsd.org/school-board/board-meetings/board-meeting-agendas-andminutes
2025-11-26T05:03:59.042803 - [!] No meetings found for https://www.oxnardsd.org/school-board/board-meetings/board-meeting-agendas-andminutes
2025-11-26T05:03:59.043818 - [*] Processing URL: https://www.mrpk.org/board-of-education/board-minutes
2025-11-26T05:04:31.071968 - [*] Trying TableScraper for https://www.mrpk.org/board-of-education/board-minutes
2025-11-26T05:04:31.118527 - [-] TableScraper returned None for https://www.mrpk.org/board-of-education/board-minutes
2025-11-26T05:04:31.118835 - [*] Trying LinkScraper for https://www.mrpk.org/board-of-education/board-minutes
2025-11-26T05:07:42.689785 - [+] LinkScraper succeeded for https://www.mrpk.org/board-of-education/board-minutes
2025-11-26T05:07:42.691035 - [+] Found 13 meetings for https://www.mrpk.org/board-of-education/board-minutes
2025-11-26T05:07:42.692417 - [*] Processing URL: https://cumberlandcountytn.gov/document-category/documentsofinterest/
2025-11-26T05:08:12.351832 - [*] Trying TableScraper for https://cumberlandcountytn.gov/document-category/documentsofinterest/
2025-11-26T05:08:12.474946 - [-] TableScraper returned None for https://cumberlandcountytn.gov/document-category/documentsofinterest/
2025-11-26T05:08:12.475222 - [*] Trying LinkScraper for https://cumberlandcountytn.gov/document-category/documentsofinterest/
2025-11-26T05:08:12.654974 - [+] LinkScraper succeeded for https://cumberlandcountytn.gov/document-category/documentsofinterest/
2025-11-26T05:08:12.656934 - [+] Found 13 meetings for https://cumberlandcountytn.gov/document-category/documentsofinterest/
2025-11-26T05:08:12.659266 - [*] Processing URL: https://www.harrisoncountywv.com/Agenda.aspx?ID=2024
2025-11-26T05:08:27.924658 - [*] Trying TableScraper for https://www.harrisoncountywv.com/Agenda.aspx?ID=2024
2025-11-26T05:08:27.976786 - [-] TableScraper returned None for https://www.harrisoncountywv.com/Agenda.aspx?ID=2024
2025-11-26T05:08:27.977046 - [*] Trying LinkScraper for https://www.harrisoncountywv.com/Agenda.aspx?ID=2024
2025-11-26T05:08:28.005903 - [-] LinkScraper returned None for https://www.harrisoncountywv.com/Agenda.aspx?ID=2024
2025-11-26T05:08:28.006188 - [-] All scrapers failed for https://www.harrisoncountywv.com/Agenda.aspx?ID=2024
2025-11-26T05:08:28.007078 - [!] No meetings found for https://www.harrisoncountywv.com/Agenda.aspx?ID=2024
2025-11-26T05:08:28.008129 - [*] Processing URL: https://co.clark.in.us/index.php/document-center?folder=BoardZoningAppeals%252F2023%2BMeeting%2BMinutes
2025-11-26T05:08:37.757382 - [*] Trying TableScraper for https://co.clark.in.us/index.php/document-center?folder=BoardZoningAppeals%252F2023%2BMeeting%2BMinutes
2025-11-26T05:08:37.789851 - [+] TableScraper succeeded for https://co.clark.in.us/index.php/document-center?folder=BoardZoningAppeals%252F2023%2BMeeting%2BMinutes
2025-11-26T05:08:37.790775 - [+] Found 2 meetings for https://co.clark.in.us/index.php/document-center?folder=BoardZoningAppeals%252F2023%2BMeeting%2BMinutes
2025-11-26T05:08:37.791860 - [*] Processing URL: https://www.co.nezperce.id.us/Departments/Planning-and-Building/Planning-and-Zoning-Commission/2024-Archived-Documents
2025-11-26T05:09:10.331126 - [*] Trying TableScraper for https://www.co.nezperce.id.us/Departments/Planning-and-Building/Planning-and-Zoning-Commission/2024-Archived-Documents
2025-11-26T05:09:10.456625 - [-] TableScraper returned None for https://www.co.nezperce.id.us/Departments/Planning-and-Building/Planning-and-Zoning-Commission/2024-Archived-Documents
2025-11-26T05:09:10.456880 - [*] Trying LinkScraper for https://www.co.nezperce.id.us/Departments/Planning-and-Building/Planning-and-Zoning-Commission/2024-Archived-Documents
2025-11-26T05:09:19.101158 - [-] LinkScraper returned None for https://www.co.nezperce.id.us/Departments/Planning-and-Building/Planning-and-Zoning-Commission/2024-Archived-Documents
2025-11-26T05:09:19.101631 - [-] All scrapers failed for https://www.co.nezperce.id.us/Departments/Planning-and-Building/Planning-and-Zoning-Commission/2024-Archived-Documents
2025-11-26T05:09:19.103144 - [!] No meetings found for https://www.co.nezperce.id.us/Departments/Planning-and-Building/Planning-and-Zoning-Commission/2024-Archived-Documents
2025-11-26T05:09:19.104734 - [*] Processing URL: https://www.esuhsd.org/BoardSuperintendent/Board-Meeting-Agendas--Reports/index.html
2025-11-26T05:09:54.994945 - [*] Trying TableScraper for https://www.esuhsd.org/BoardSuperintendent/Board-Meeting-Agendas--Reports/index.html
2025-11-26T05:09:55.864012 - [+] TableScraper succeeded for https://www.esuhsd.org/BoardSuperintendent/Board-Meeting-Agendas--Reports/index.html
2025-11-26T05:09:55.865207 - [+] Found 29 meetings for https://www.esuhsd.org/BoardSuperintendent/Board-Meeting-Agendas--Reports/index.html
2025-11-26T05:09:55.866304 - [*] Processing URL: https://www.fuhsd.org/about-us/board-of-trustees/board-meetings
2025-11-26T05:10:21.232545 - [*] Trying TableScraper for https://www.fuhsd.org/about-us/board-of-trustees/board-meetings
2025-11-26T05:10:21.375867 - [-] TableScraper returned None for https://www.fuhsd.org/about-us/board-of-trustees/board-meetings
2025-11-26T05:10:21.376098 - [*] Trying LinkScraper for https://www.fuhsd.org/about-us/board-of-trustees/board-meetings
2025-11-26T05:10:26.401992 - [-] LinkScraper returned None for https://www.fuhsd.org/about-us/board-of-trustees/board-meetings
2025-11-26T05:10:26.402839 - [-] All scrapers failed for https://www.fuhsd.org/about-us/board-of-trustees/board-meetings
2025-11-26T05:10:26.404837 - [!] No meetings found for https://www.fuhsd.org/about-us/board-of-trustees/board-meetings
2025-11-26T05:10:26.406668 - [*] Processing URL: https://www.lakesidelosgatos.org/board-meeting-materials
2025-11-26T05:11:25.989240 - [*] Trying TableScraper for https://www.lakesidelosgatos.org/board-meeting-materials
2025-11-26T05:11:26.087743 - [+] TableScraper succeeded for https://www.lakesidelosgatos.org/board-meeting-materials
2025-11-26T05:11:26.089333 - [+] Found 19 meetings for https://www.lakesidelosgatos.org/board-meeting-materials
2025-11-26T05:11:26.090628 - [*] Processing URL: https://lasdschools.org/182036_3
2025-11-26T05:12:06.075341 - [*] Trying TableScraper for https://lasdschools.org/182036_3
2025-11-26T05:12:06.267693 - [+] TableScraper succeeded for https://lasdschools.org/182036_3
2025-11-26T05:12:06.268908 - [+] Found 15 meetings for https://lasdschools.org/182036_3
2025-11-26T05:12:06.270116 - [*] Processing URL: https://www.ssfusd.org/apps/pages/meetings
2025-11-26T05:12:28.906318 - [*] Trying TableScraper for https://www.ssfusd.org/apps/pages/meetings
2025-11-26T05:12:28.910071 - [-] TableScraper returned None for https://www.ssfusd.org/apps/pages/meetings
2025-11-26T05:12:28.910342 - [*] Trying LinkScraper for https://www.ssfusd.org/apps/pages/meetings
2025-11-26T05:12:28.914705 - [-] LinkScraper returned None for https://www.ssfusd.org/apps/pages/meetings
2025-11-26T05:12:28.914962 - [-] All scrapers failed for https://www.ssfusd.org/apps/pages/meetings
2025-11-26T05:12:28.915834 - [!] No meetings found for https://www.ssfusd.org/apps/pages/meetings
2025-11-26T05:12:28.916959 - [*] Processing URL: https://portwentworthga.gov/gov-agendas-citycouncil/
2025-11-26T05:12:51.122546 - [*] Trying TableScraper for https://portwentworthga.gov/gov-agendas-citycouncil/
2025-11-26T05:12:51.151794 - [-] TableScraper returned None for https://portwentworthga.gov/gov-agendas-citycouncil/
2025-11-26T05:12:51.152056 - [*] Trying LinkScraper for https://portwentworthga.gov/gov-agendas-citycouncil/
2025-11-26T05:12:51.182933 - [-] LinkScraper returned None for https://portwentworthga.gov/gov-agendas-citycouncil/
2025-11-26T05:12:51.183234 - [-] All scrapers failed for https://portwentworthga.gov/gov-agendas-citycouncil/
2025-11-26T05:12:51.184221 - [!] No meetings found for https://portwentworthga.gov/gov-agendas-citycouncil/
2025-11-26T05:12:51.185422 - [*] Processing URL: https://www.woodsideschool.us/District/2025-26-DASHBOARD/Recorded-Zoom-Meetings-/index.html
2025-11-26T05:13:38.811605 - [*] Trying TableScraper for https://www.woodsideschool.us/District/2025-26-DASHBOARD/Recorded-Zoom-Meetings-/index.html
2025-11-26T05:13:39.061505 - [-] TableScraper returned None for https://www.woodsideschool.us/District/2025-26-DASHBOARD/Recorded-Zoom-Meetings-/index.html
2025-11-26T05:13:39.061775 - [*] Trying LinkScraper for https://www.woodsideschool.us/District/2025-26-DASHBOARD/Recorded-Zoom-Meetings-/index.html
2025-11-26T05:14:43.724049 - [+] LinkScraper succeeded for https://www.woodsideschool.us/District/2025-26-DASHBOARD/Recorded-Zoom-Meetings-/index.html
2025-11-26T05:14:43.725644 - [+] Found 1 meetings for https://www.woodsideschool.us/District/2025-26-DASHBOARD/Recorded-Zoom-Meetings-/index.html
2025-11-26T05:14:43.727313 - [*] Processing URL: https://ballardschool.org/2024-board-of-trustee-meetings/
2025-11-26T05:14:53.532079 - [*] Trying TableScraper for https://ballardschool.org/2024-board-of-trustee-meetings/
2025-11-26T05:14:53.602013 - [+] TableScraper succeeded for https://ballardschool.org/2024-board-of-trustee-meetings/
2025-11-26T05:14:53.602883 - [+] Found 18 meetings for https://ballardschool.org/2024-board-of-trustee-meetings/
2025-11-26T05:14:53.603952 - [*] Processing URL: https://www.coldspringschool.net/page/agendas-and-minutes
2025-11-26T05:15:13.725614 - [*] Trying TableScraper for https://www.coldspringschool.net/page/agendas-and-minutes
2025-11-26T05:15:13.726306 - [-] TableScraper returned None for https://www.coldspringschool.net/page/agendas-and-minutes
2025-11-26T05:15:13.726541 - [*] Trying LinkScraper for https://www.coldspringschool.net/page/agendas-and-minutes
2025-11-26T05:15:13.727809 - [-] LinkScraper returned None for https://www.coldspringschool.net/page/agendas-and-minutes
2025-11-26T05:15:13.728086 - [-] All scrapers failed for https://www.coldspringschool.net/page/agendas-and-minutes
2025-11-26T05:15:13.729097 - [!] No meetings found for https://www.coldspringschool.net/page/agendas-and-minutes
2025-11-26T05:15:13.730309 - [*] Processing URL: https://www.losolivosschool.org/schoolboardmeetings
2025-11-26T05:16:11.987049 - [*] Trying TableScraper for https://www.losolivosschool.org/schoolboardmeetings
2025-11-26T05:16:12.084657 - [-] TableScraper returned None for https://www.losolivosschool.org/schoolboardmeetings
2025-11-26T05:16:12.084928 - [*] Trying LinkScraper for https://www.losolivosschool.org/schoolboardmeetings
2025-11-26T05:33:32.081541 - [+] LinkScraper succeeded for https://www.losolivosschool.org/schoolboardmeetings
2025-11-26T05:33:32.082665 - [+] Found 15 meetings for https://www.losolivosschool.org/schoolboardmeetings
2025-11-26T05:33:32.084291 - [*] Processing URL: https://www.orcuttschools.net/boardoftrustees
2025-11-26T05:34:33.482997 - [*] Trying TableScraper for https://www.orcuttschools.net/boardoftrustees
2025-11-26T05:34:33.778715 - [+] TableScraper succeeded for https://www.orcuttschools.net/boardoftrustees
2025-11-26T05:34:33.779857 - [+] Found 19 meetings for https://www.orcuttschools.net/boardoftrustees
2025-11-26T05:34:33.781405 - [*] Processing URL: https://www.sbceo.org/about/board/boardmaterials
2025-11-26T05:35:25.317048 - [*] Trying TableScraper for https://www.sbceo.org/about/board/boardmaterials
2025-11-26T05:35:25.447663 - [-] TableScraper returned None for https://www.sbceo.org/about/board/boardmaterials
2025-11-26T05:35:25.447932 - [*] Trying LinkScraper for https://www.sbceo.org/about/board/boardmaterials
2025-11-26T05:48:21.290375 - [+] LinkScraper succeeded for https://www.sbceo.org/about/board/boardmaterials
2025-11-26T05:48:21.291814 - [+] Found 12 meetings for https://www.sbceo.org/about/board/boardmaterials
2025-11-26T05:48:21.293459 - [*] Processing URL: https://www.smbsd.org/district/school-board/board-meetings-minutes-and-agendas
2025-11-26T05:48:49.201962 - [*] Trying TableScraper for https://www.smbsd.org/district/school-board/board-meetings-minutes-and-agendas
2025-11-26T05:48:49.315994 - [-] TableScraper returned None for https://www.smbsd.org/district/school-board/board-meetings-minutes-and-agendas
2025-11-26T05:48:49.316271 - [*] Trying LinkScraper for https://www.smbsd.org/district/school-board/board-meetings-minutes-and-agendas
2025-11-26T06:33:19.682046 - [+] LinkScraper succeeded for https://www.smbsd.org/district/school-board/board-meetings-minutes-and-agendas
2025-11-26T06:33:19.683629 - [+] Found 10 meetings for https://www.smbsd.org/district/school-board/board-meetings-minutes-and-agendas
2025-11-26T06:33:19.685616 - [*] Processing URL: https://www.arusd.org/about-us/board-of-trustees/board-agendas
2025-11-26T06:33:45.659233 - [*] Trying TableScraper for https://www.arusd.org/about-us/board-of-trustees/board-agendas
2025-11-26T06:33:46.253399 - [+] TableScraper succeeded for https://www.arusd.org/about-us/board-of-trustees/board-agendas
2025-11-26T06:33:46.254538 - [+] Found 35 meetings for https://www.arusd.org/about-us/board-of-trustees/board-agendas
2025-11-26T06:33:46.255613 - [*] Processing URL: https://www.smuhsd.org/our-district/board-of-trustees/accessing-smuhsd-board-meetings
2025-11-26T06:34:38.678793 - [*] Trying TableScraper for https://www.smuhsd.org/our-district/board-of-trustees/accessing-smuhsd-board-meetings
2025-11-26T06:34:38.911433 - [-] TableScraper returned None for https://www.smuhsd.org/our-district/board-of-trustees/accessing-smuhsd-board-meetings
2025-11-26T06:34:38.911708 - [*] Trying LinkScraper for https://www.smuhsd.org/our-district/board-of-trustees/accessing-smuhsd-board-meetings
2025-11-26T06:46:17.137391 - [+] LinkScraper succeeded for https://www.smuhsd.org/our-district/board-of-trustees/accessing-smuhsd-board-meetings
2025-11-26T06:46:17.138551 - [+] Found 24 meetings for https://www.smuhsd.org/our-district/board-of-trustees/accessing-smuhsd-board-meetings
